Arguments: 
  C:\Program Files\nodejs\node.exe C:\Users\funny\AppData\Roaming\npm\node_modules\yarn\bin\yarn.js run serve

PATH: 
  C:\Program Files (x86)\Intel\iCLS Client\;C:\Program Files\Intel\iCLS Client\;C:\WINDOWS\system32;C:\WINDOWS;C:\WINDOWS\System32\Wbem;C:\WINDOWS\System32\WindowsPowerShell\v1.0\;C:\Program Files (x86)\Intel\Intel(R) Management Engine Components\DAL;C:\Program Files\Intel\Intel(R) Management Engine Components\DAL;C:\Program Files (x86)\Intel\Intel(R) Management Engine Components\IPT;C:\Program Files\Intel\Intel(R) Management Engine Components\IPT;C:\WINDOWS\System32\OpenSSH\;C:\Program Files (x86)\PowerShell\7\;C:\Program Files\nodejs\;C:\Program Files\Docker\Docker\resources\bin;C:\Users\funny\AppData\Local\Microsoft\WindowsApps;C:\Users\funny\AppData\Local\GitHubDesktop\bin;C:\Users\funny\AppData\Local\Programs\Microsoft VS Code\bin;C:\Users\funny\AppData\Roaming\npm

Yarn version: 
  1.22.19

Node version: 
  19.1.0

Platform: 
  win32 x64

Trace: 
  SyntaxError: C:\Users\funny\OneDrive\Documents\GitHub\funnyjokesters1\package.json: Unexpected end of JSON input
      at JSON.parse (<anonymous>)
      at C:\Users\funny\AppData\Roaming\npm\node_modules\yarn\lib\cli.js:1629:59
      at Generator.next (<anonymous>)
      at step (C:\Users\funny\AppData\Roaming\npm\node_modules\yarn\lib\cli.js:310:30)
      at C:\Users\funny\AppData\Roaming\npm\node_modules\yarn\lib\cli.js:321:13

npm manifest: 
  

yarn manifest: 
  No manifest

Lockfile: 
  No lockfile
